[debug] [2024-08-19T07:44:35.885Z] ----------------------------------------------------------------------
[debug] [2024-08-19T07:44:35.888Z] Command:       C:\Program Files\nodejs\node.exe C:\Users\happy\AppData\Roaming\npm\node_modules\firebase-tools\lib\bin\firebase.js init
[debug] [2024-08-19T07:44:35.888Z] CLI Version:   11.10.0
[debug] [2024-08-19T07:44:35.888Z] Platform:      win32
[debug] [2024-08-19T07:44:35.888Z] Node Version:  v20.11.0
[debug] [2024-08-19T07:44:35.889Z] Time:          Mon Aug 19 2024 10:44:35 GMT+0300 (Москва, стандартное время)
[debug] [2024-08-19T07:44:35.889Z] ----------------------------------------------------------------------
[debug] 
[debug] [2024-08-19T07:44:35.973Z] > command requires scopes: ["email","openid","https://www.googleapis.com/auth/cloudplatformprojects.readonly","https://www.googleapis.com/auth/firebase","https://www.googleapis.com/auth/cloud-platform"]
[debug] [2024-08-19T07:44:35.974Z] > authorizing via signed-in user (sviatoslavvd@gmail.com)
[info] 
     ######## #### ########  ######## ########     ###     ######  ########
     ##        ##  ##     ## ##       ##     ##  ##   ##  ##       ##
     ######    ##  ########  ######   ########  #########  ######  ######
     ##        ##  ##    ##  ##       ##     ## ##     ##       ## ##
     ##       #### ##     ## ######## ########  ##     ##  ######  ########

You're about to initialize a Firebase project in this directory:

  C:\Users\happy\Documents\work\seva

Before we get started, keep in mind:

  * You are initializing within an existing Firebase project directory

